[    1355ms] [ERROR] Failed to load resource: the server responded with a status of 404 () @ https://giscus.app/api/discussions?repo=christopherarter%2Farter-blog&term=blog%2Fa-guide-to-laravel-authorization-patterns%2F&category=General&number=0&strict=false&last=15:0
[    1355ms] [ERROR] Failed to load resource: the server responded with a status of 404 () @ https://giscus.app/api/discussions?repo=christopherarter%2Farter-blog&term=blog%2Fa-guide-to-laravel-authorization-patterns%2F&category=General&number=0&strict=false&first=15:0
[    1363ms] [WARNING] [giscus] Discussion not found. A new discussion will be created if a comment/reaction is submitted. @ https://giscus.app/client.js:6
[    1459ms] [WARNING] [giscus] Discussion not found. A new discussion will be created if a comment/reaction is submitted. @ https://giscus.app/client.js:6
[    4363ms] [WARNING] The resource http://localhost:4321/node_modules/@fontsource-variable/inter/files/inter-latin-wght-normal.woff2 was preloaded using link preload but not used within a few seconds from the window's load event. Please make sure it has an appropriate `as` value and it is preloaded intentionally. @ http://localhost:4321/blog/a-guide-to-laravel-authorization-patterns/:0
[  676788ms] [ERROR] Failed to load resource: the server responded with a status of 404 () @ https://giscus.app/api/discussions?repo=christopherarter%2Farter-blog&term=blog%2Fa-guide-to-laravel-authorization-patterns%2F&category=General&number=0&strict=false&first=15:0
[  676865ms] [ERROR] Failed to load resource: the server responded with a status of 404 () @ https://giscus.app/api/discussions?repo=christopherarter%2Farter-blog&term=blog%2Fa-guide-to-laravel-authorization-patterns%2F&category=General&number=0&strict=false&last=15:0
[  676867ms] [WARNING] [giscus] Discussion not found. A new discussion will be created if a comment/reaction is submitted. @ https://giscus.app/client.js:6
[  679870ms] [WARNING] The resource http://localhost:4321/node_modules/@fontsource-variable/inter/files/inter-latin-wght-normal.woff2 was preloaded using link preload but not used within a few seconds from the window's load event. Please make sure it has an appropriate `as` value and it is preloaded intentionally. @ http://localhost:4321/blog/a-guide-to-laravel-authorization-patterns/:0
[  684224ms] [ERROR] Failed to load resource: the server responded with a status of 404 () @ https://giscus.app/api/discussions?repo=christopherarter%2Farter-blog&term=blog%2Fa-guide-to-laravel-authorization-patterns%2F&category=General&number=0&strict=false&first=15:0
[  684327ms] [WARNING] [giscus] Discussion not found. A new discussion will be created if a comment/reaction is submitted. @ https://giscus.app/client.js:6
[  684516ms] [ERROR] Failed to load resource: the server responded with a status of 404 () @ https://giscus.app/api/discussions?repo=christopherarter%2Farter-blog&term=blog%2Fa-guide-to-laravel-authorization-patterns%2F&category=General&number=0&strict=false&last=15:0
[  687520ms] [WARNING] The resource http://localhost:4321/node_modules/@fontsource-variable/inter/files/inter-latin-wght-normal.woff2 was preloaded using link preload but not used within a few seconds from the window's load event. Please make sure it has an appropriate `as` value and it is preloaded intentionally. @ http://localhost:4321/blog/a-guide-to-laravel-authorization-patterns/:0
[  690095ms] [ERROR] Failed to load resource: the server responded with a status of 404 () @ https://giscus.app/api/discussions?repo=christopherarter%2Farter-blog&term=blog%2Fa-guide-to-laravel-authorization-patterns%2F&category=General&number=0&strict=false&last=15:0
[  690172ms] [ERROR] Failed to load resource: the server responded with a status of 404 () @ https://giscus.app/api/discussions?repo=christopherarter%2Farter-blog&term=blog%2Fa-guide-to-laravel-authorization-patterns%2F&category=General&number=0&strict=false&first=15:0
[  690173ms] [WARNING] [giscus] Discussion not found. A new discussion will be created if a comment/reaction is submitted. @ https://giscus.app/client.js:6
[  690199ms] [WARNING] [giscus] Discussion not found. A new discussion will be created if a comment/reaction is submitted. @ https://giscus.app/client.js:6
[  693175ms] [WARNING] The resource http://localhost:4321/node_modules/@fontsource-variable/inter/files/inter-latin-wght-normal.woff2 was preloaded using link preload but not used within a few seconds from the window's load event. Please make sure it has an appropriate `as` value and it is preloaded intentionally. @ http://localhost:4321/blog/a-guide-to-laravel-authorization-patterns/:0
[  710932ms] [ERROR] Failed to load resource: the server responded with a status of 404 () @ https://giscus.app/api/discussions?repo=christopherarter%2Farter-blog&term=blog%2Fa-guide-to-laravel-authorization-patterns%2F&category=General&number=0&strict=false&last=15:0
[  710976ms] [ERROR] Failed to load resource: the server responded with a status of 404 () @ https://giscus.app/api/discussions?repo=christopherarter%2Farter-blog&term=blog%2Fa-guide-to-laravel-authorization-patterns%2F&category=General&number=0&strict=false&first=15:0
[  710977ms] [WARNING] [giscus] Discussion not found. A new discussion will be created if a comment/reaction is submitted. @ https://giscus.app/client.js:6
[  711036ms] [WARNING] [giscus] Discussion not found. A new discussion will be created if a comment/reaction is submitted. @ https://giscus.app/client.js:6
[  713978ms] [WARNING] The resource http://localhost:4321/node_modules/@fontsource-variable/inter/files/inter-latin-wght-normal.woff2 was preloaded using link preload but not used within a few seconds from the window's load event. Please make sure it has an appropriate `as` value and it is preloaded intentionally. @ http://localhost:4321/blog/a-guide-to-laravel-authorization-patterns/:0
